<?xml version="1.0" encoding="UTF-8"?>
<!-- Generated by org.testng.reporters.JUnitXMLReporter -->
<testsuite ignored="15" hostname="ASDLAPKCH0119" failures="1" tests="1" name="Default test" time="16.001" errors="0" timestamp="2023-09-19T18:33:29 IST">
  <testcase classname="com.saucedemo.tests.ProductTest" name="checkOutInformation" time="10.045">
    <failure type="org.openqa.selenium.NoSuchElementException" message="Unable to locate element: #first\-name
For documentation on this error, please visit: https://www.selenium.dev/documentation/webdriver/troubleshooting/errors#no-such-element-exception
Build info: version: &amp;apos;4.12.1&amp;apos;, revision: &amp;apos;8e34639b11&amp;apos;
System info: os.name: &amp;apos;Windows 11&amp;apos;, os.arch: &amp;apos;amd64&amp;apos;, os.version: &amp;apos;10.0&amp;apos;, java.version: &amp;apos;20.0.2&amp;apos;
Driver info: org.openqa.selenium.firefox.FirefoxDriver
Command: [ce9201f9-9627-4c0f-a81e-76cbfe1c0f0a, findElement {using=id, value=first-name}]
Capabilities {acceptInsecureCerts: true, browserName: firefox, browserVersion: 117.0.1, moz:accessibilityChecks: false, moz:buildID: 20230912013654, moz:debuggerAddress: 127.0.0.1:38583, moz:geckodriverVersion: 0.33.0, moz:headless: false, moz:platformVersion: 10.0, moz:processID: 22916, moz:profile: C:\Users\Anish\AppData\Loca..., moz:shutdownTimeout: 60000, moz:webdriverClick: true, moz:windowless: false, pageLoadStrategy: normal, platformName: windows, proxy: Proxy(), se:cdp: ws://127.0.0.1:38583/devtoo..., se:cdpVersion: 85.0, setWindowRect: true, strictFileInteractability: false, timeouts: {implicit: 0, pageLoad: 300000, script: 30000}, unhandledPromptBehavior: dismiss and notify}
Session ID: ce9201f9-9627-4c0f-a81e-76cbfe1c0f0a">
      <![CDATA[org.openqa.selenium.NoSuchElementException: Unable to locate element: #first\-name
For documentation on this error, please visit: https://www.selenium.dev/documentation/webdriver/troubleshooting/errors#no-such-element-exception
Build info: version: '4.12.1', revision: '8e34639b11'
System info: os.name: 'Windows 11', os.arch: 'amd64', os.version: '10.0', java.version: '20.0.2'
Driver info: org.openqa.selenium.firefox.FirefoxDriver
Command: [ce9201f9-9627-4c0f-a81e-76cbfe1c0f0a, findElement {using=id, value=first-name}]
Capabilities {acceptInsecureCerts: true, browserName: firefox, browserVersion: 117.0.1, moz:accessibilityChecks: false, moz:buildID: 20230912013654, moz:debuggerAddress: 127.0.0.1:38583, moz:geckodriverVersion: 0.33.0, moz:headless: false, moz:platformVersion: 10.0, moz:processID: 22916, moz:profile: C:\Users\Anish\AppData\Loca..., moz:shutdownTimeout: 60000, moz:webdriverClick: true, moz:windowless: false, pageLoadStrategy: normal, platformName: windows, proxy: Proxy(), se:cdp: ws://127.0.0.1:38583/devtoo..., se:cdpVersion: 85.0, setWindowRect: true, strictFileInteractability: false, timeouts: {implicit: 0, pageLoad: 300000, script: 30000}, unhandledPromptBehavior: dismiss and notify}
Session ID: ce9201f9-9627-4c0f-a81e-76cbfe1c0f0a
at java.base/jdk.internal.reflect.DirectConstructorHandleAccessor.newInstance(DirectConstructorHandleAccessor.java:67)
at java.base/java.lang.reflect.Constructor.newInstanceWithCaller(Constructor.java:500)
at java.base/java.lang.reflect.Constructor.newInstance(Constructor.java:484)
at org.openqa.selenium.remote.codec.w3c.W3CHttpResponseCodec.createException(W3CHttpResponseCodec.java:200)
at org.openqa.selenium.remote.codec.w3c.W3CHttpResponseCodec.decode(W3CHttpResponseCodec.java:133)
at org.openqa.selenium.remote.codec.w3c.W3CHttpResponseCodec.decode(W3CHttpResponseCodec.java:52)
at org.openqa.selenium.remote.HttpCommandExecutor.execute(HttpCommandExecutor.java:191)
at org.openqa.selenium.remote.service.DriverCommandExecutor.invokeExecute(DriverCommandExecutor.java:196)
at org.openqa.selenium.remote.service.DriverCommandExecutor.execute(DriverCommandExecutor.java:171)
at org.openqa.selenium.remote.RemoteWebDriver.execute(RemoteWebDriver.java:602)
at org.openqa.selenium.remote.ElementLocation$ElementFinder$2.findElement(ElementLocation.java:165)
at org.openqa.selenium.remote.ElementLocation.findElement(ElementLocation.java:59)
at org.openqa.selenium.remote.RemoteWebDriver.findElement(RemoteWebDriver.java:359)
at org.openqa.selenium.remote.RemoteWebDriver.findElement(RemoteWebDriver.java:353)
at com.saucedemo.tests.ProductTest.checkOutInformation(ProductTest.java:120)
at java.base/jdk.internal.reflect.DirectMethodHandleAccessor.invoke(DirectMethodHandleAccessor.java:104)
at java.base/java.lang.reflect.Method.invoke(Method.java:578)
at org.testng.internal.invokers.MethodInvocationHelper.invokeMethod(MethodInvocationHelper.java:139)
at org.testng.internal.invokers.TestInvoker.invokeMethod(TestInvoker.java:664)
at org.testng.internal.invokers.TestInvoker.invokeTestMethod(TestInvoker.java:227)
at org.testng.internal.invokers.MethodRunner.runInSequence(MethodRunner.java:50)
at org.testng.internal.invokers.TestInvoker$MethodInvocationAgent.invoke(TestInvoker.java:957)
at org.testng.internal.invokers.TestInvoker.invokeTestMethods(TestInvoker.java:200)
at org.testng.internal.invokers.TestMethodWorker.invokeTestMethods(TestMethodWorker.java:148)
at org.testng.internal.invokers.TestMethodWorker.run(TestMethodWorker.java:128)
at java.base/java.util.ArrayList.forEach(ArrayList.java:1511)
at org.testng.TestRunner.privateRun(TestRunner.java:848)
at org.testng.TestRunner.run(TestRunner.java:621)
at org.testng.SuiteRunner.runTest(SuiteRunner.java:443)
at org.testng.SuiteRunner.runSequentially(SuiteRunner.java:437)
at org.testng.SuiteRunner.privateRun(SuiteRunner.java:397)
at org.testng.SuiteRunner.run(SuiteRunner.java:336)
at org.testng.SuiteRunnerWorker.runSuite(SuiteRunnerWorker.java:52)
at org.testng.SuiteRunnerWorker.run(SuiteRunnerWorker.java:95)
at org.testng.TestNG.runSuitesSequentially(TestNG.java:1280)
at org.testng.TestNG.runSuitesLocally(TestNG.java:1200)
at org.testng.TestNG.runSuites(TestNG.java:1114)
at org.testng.TestNG.run(TestNG.java:1082)
at org.testng.remote.AbstractRemoteTestNG.run(AbstractRemoteTestNG.java:115)
at org.testng.remote.RemoteTestNG.initAndRun(RemoteTestNG.java:251)
at org.testng.remote.RemoteTestNG.main(RemoteTestNG.java:77)
]]>
    </failure>
  </testcase> <!-- checkOutInformation -->
  <testcase classname="com.saucedemo.tests.ProductTest" name="filterVerify" time="0.0">
    <ignored/>
  </testcase> <!-- filterVerify -->
  <testcase classname="com.saucedemo.tests.ProductTest" name="scrollDownProduct" time="0.0">
    <ignored/>
  </testcase> <!-- scrollDownProduct -->
  <testcase classname="com.saucedemo.tests.ProductTest" name="chooseCart" time="0.0">
    <ignored/>
  </testcase> <!-- chooseCart -->
  <testcase classname="com.saucedemo.tests.ProductTest" name="removeProductInCart" time="0.0">
    <ignored/>
  </testcase> <!-- removeProductInCart -->
  <testcase classname="com.saucedemo.tests.ProductTest" name="chooseProduct" time="0.0">
    <ignored/>
  </testcase> <!-- chooseProduct -->
  <testcase classname="com.saucedemo.tests.ProductTest" name="clickOnCheckOut" time="0.0">
    <ignored/>
  </testcase> <!-- clickOnCheckOut -->
  <testcase classname="com.saucedemo.tests.ProductTest" name="sortDescending" time="0.0">
    <ignored/>
  </testcase> <!-- sortDescending -->
  <testcase classname="com.saucedemo.tests.ProductTest" name="checkOutWithoutInformation" time="0.0">
    <ignored/>
  </testcase> <!-- checkOutWithoutInformation -->
  <testcase classname="com.saucedemo.tests.ProductTest" name="checkOutWithoutPostalCode" time="0.0">
    <ignored/>
  </testcase> <!-- checkOutWithoutPostalCode -->
  <testcase classname="com.saucedemo.tests.ProductTest" name="scrollUpProduct" time="0.0">
    <ignored/>
  </testcase> <!-- scrollUpProduct -->
  <testcase classname="com.saucedemo.tests.ProductTest" name="sortHighToLow" time="0.0">
    <ignored/>
  </testcase> <!-- sortHighToLow -->
  <testcase classname="com.saucedemo.tests.ProductTest" name="sortAscending" time="0.0">
    <ignored/>
  </testcase> <!-- sortAscending -->
  <testcase classname="com.saucedemo.tests.ProductTest" name="checkOutVerify" time="0.0">
    <ignored/>
  </testcase> <!-- checkOutVerify -->
  <testcase classname="com.saucedemo.tests.ProductTest" name="sortLowToHigh" time="0.0">
    <ignored/>
  </testcase> <!-- sortLowToHigh -->
  <testcase classname="com.saucedemo.tests.ProductTest" name="checkOutWithoutLastName" time="0.0">
    <ignored/>
  </testcase> <!-- checkOutWithoutLastName -->
</testsuite> <!-- Default test -->
