<!DOCTYPE html PUBLIC "-//W3C//DTD XHTML 1.1//EN" "https://www.w3.org/TR/xhtml11/DTD/xhtml11.dtd">
<html xmlns="https://www.w3.org/1999/xhtml">
<head>
<meta http-equiv="content-type" content="text/html; charset=UTF-8"/>
<title>TestNG Report</title>
<style type="text/css">table {margin-bottom:10px;border-collapse:collapse;empty-cells:show}th,td {border:1px solid #009;padding:.25em .5em}th {vertical-align:bottom}td {vertical-align:top}table a {font-weight:bold}.stripe td {background-color: #E6EBF9}.num {text-align:right}.passedodd td {background-color: #3F3}.passedeven td {background-color: #0A0}.skippedodd td {background-color: #DDD}.skippedeven td {background-color: #CCC}.failedodd td,.attn {background-color: #F33}.failedeven td,.stripe .attn {background-color: #D00}.stacktrace {white-space:pre;font-family:monospace}.totop {font-size:85%;text-align:center;border-bottom:2px solid #000}.invisible {display:none}</style>
</head>
<body>
<table>
<tr><th>Test</th><th># Passed</th><th># Skipped</th><th># Retried</th><th># Failed</th><th>Time (ms)</th><th>Included Groups</th><th>Excluded Groups</th></tr>
<tr><th colspan="8">Suite</th></tr>
<tr><td><a href="#t0">Parallel Tests Edge</a></td><td class="num">23</td><td class="num">0</td><td class="num">0</td><td class="num attn">5</td><td class="num">62,423</td><td></td><td></td></tr>
</table>
<table id='summary'><thead><tr><th>Class</th><th>Method</th><th>Start</th><th>Time (ms)</th></tr></thead><tbody><tr><th colspan="4">Suite</th></tr></tbody><tbody id="t0"><tr><th colspan="4">Parallel Tests Edge &#8212; failed</th></tr><tr class="failedeven"><td rowspan="5">com.saucedemo.tests.ProductTest</td><td><a href="#m0">TC022_verifyContinueButtonWithoutFirstName</a></td><td rowspan="1">1697088758791</td><td rowspan="1">0</td></tr><tr class="failedeven"><td><a href="#m1">TC023_verifyContinueButtonWithoutLastName</a></td><td rowspan="1">1697088758796</td><td rowspan="1">0</td></tr><tr class="failedeven"><td><a href="#m2">TC024_verifyContinueButtonWithoutPostalCode</a></td><td rowspan="1">1697088758796</td><td rowspan="1">100</td></tr><tr class="failedeven"><td><a href="#m3">TC025_verifyContinueButtonWithAllDetails</a></td><td rowspan="1">1697088758908</td><td rowspan="1">2105</td></tr><tr class="failedeven"><td><a href="#m4">TC026_verifyFinishButtonInCheckoutPage</a></td><td rowspan="1">1697088761026</td><td rowspan="1">10033</td></tr><tr><th colspan="4">Parallel Tests Edge &#8212; passed</th></tr><tr class="passedeven"><td rowspan="5">com.saucedemo.tests.LoginTest</td><td><a href="#m5">TC001_loginValidCredentials</a></td><td rowspan="1">1697088735602</td><td rowspan="1">552</td></tr><tr class="passedeven"><td><a href="#m6">TC002_invalidCredentials</a></td><td rowspan="1">1697088732823</td><td rowspan="1">1873</td></tr><tr class="passedeven"><td><a href="#m7">TC003_validUsernameInvalidPassword</a></td><td rowspan="1">1697088735155</td><td rowspan="1">435</td></tr><tr class="passedeven"><td><a href="#m8">TC004_validPasswordInvalidUsername</a></td><td rowspan="1">1697088734696</td><td rowspan="1">453</td></tr><tr class="passedeven"><td><a href="#m9">TC005_loginWithoutCredentials</a></td><td rowspan="1">1697088735602</td><td rowspan="1">0</td></tr><tr class="passedodd"><td rowspan="18">com.saucedemo.tests.ProductTest</td><td><a href="#m10">TC006_navigateBrowserForward</a></td><td rowspan="1">1697088773102</td><td rowspan="1">2045</td></tr><tr class="passedodd"><td><a href="#m11">TC007_navigateBrowserBack</a></td><td rowspan="1">1697088771062</td><td rowspan="1">2036</td></tr><tr class="passedodd"><td><a href="#m12">TC008_addToCart</a></td><td rowspan="1">1697088751390</td><td rowspan="1">244</td></tr><tr class="passedodd"><td><a href="#m13">TC009_addToAllCart</a></td><td rowspan="1">1697088751642</td><td rowspan="1">2942</td></tr><tr class="passedodd"><td><a href="#m14">TC010_cartCountIncrease</a></td><td rowspan="1">1697088751634</td><td rowspan="1">0</td></tr><tr class="passedodd"><td><a href="#m15">TC011_cartCountDecrease</a></td><td rowspan="1">1697088751642</td><td rowspan="1">0</td></tr><tr class="passedodd"><td><a href="#m16">TC012_deSelectAddToCart</a></td><td rowspan="1">1697088754584</td><td rowspan="1">1273</td></tr><tr class="passedodd"><td><a href="#m17">TC013_sortAscendingOrder</a></td><td rowspan="1">1697088750829</td><td rowspan="1">561</td></tr><tr class="passedodd"><td><a href="#m18">TC014_sortDescendingOrder</a></td><td rowspan="1">1697088747060</td><td rowspan="1">2653</td></tr><tr class="passedodd"><td><a href="#m19">TC015_sortLowToHigh</a></td><td rowspan="1">1697088749713</td><td rowspan="1">557</td></tr><tr class="passedodd"><td><a href="#m20">TC016_sortHighToLow</a></td><td rowspan="1">1697088750270</td><td rowspan="1">557</td></tr><tr class="passedodd"><td><a href="#m21">TC017_verifyShoppingCartButton</a></td><td rowspan="1">1697088755857</td><td rowspan="1">266</td></tr><tr class="passedodd"><td><a href="#m22">TC018_verifyRemoveButton</a></td><td rowspan="1">1697088756123</td><td rowspan="1">2286</td></tr><tr class="passedodd"><td><a href="#m23">TC019_verifyCheckoutButton</a></td><td rowspan="1">1697088758409</td><td rowspan="1">276</td></tr><tr class="passedodd"><td><a href="#m24">TC020_verifyContinueShoppingButton</a></td><td rowspan="1">1697088758694</td><td rowspan="1">60</td></tr><tr class="passedodd"><td><a href="#m25">TC021_verifyCancelButton</a></td><td rowspan="1">1697088758754</td><td rowspan="1">37</td></tr><tr class="passedodd"><td><a href="#m26">TC026_verifyCountinueButtonInCheckoutPage</a></td><td rowspan="1">1697088761022</td><td rowspan="1">2</td></tr><tr class="passedodd"><td><a href="#m27">TC027_verifyCancelButtonInCheckoutPage</a></td><td rowspan="1">1697088761013</td><td rowspan="1">0</td></tr></tbody>
</table>
<h2>Parallel Tests Edge</h2><h3 id="m0">com.saucedemo.tests.ProductTest#TC022_verifyContinueButtonWithoutFirstName</h3><table class="result"><tr><th>Exception</th></tr><tr><td><div class="stacktrace">org.testng.TestNGException: 
Cannot inject @Test annotated Method [TC022_verifyContinueButtonWithoutFirstName] with [interface org.openqa.selenium.WebDriver].
For more information on native dependency injection please refer to https://testng.org/doc/documentation-main.html#native-dependency-injection
	at java.base/java.util.ArrayList.forEach(ArrayList.java:1511)
... Removed 26 stack frames</div></td></tr></table><p class="totop"><a href="#summary">back to summary</a></p>
<h3 id="m1">com.saucedemo.tests.ProductTest#TC023_verifyContinueButtonWithoutLastName</h3><table class="result"><tr><th>Exception</th></tr><tr><td><div class="stacktrace">org.testng.TestNGException: 
Cannot inject @Test annotated Method [TC023_verifyContinueButtonWithoutLastName] with [interface org.openqa.selenium.WebDriver].
For more information on native dependency injection please refer to https://testng.org/doc/documentation-main.html#native-dependency-injection
	at java.base/java.util.ArrayList.forEach(ArrayList.java:1511)
... Removed 26 stack frames</div></td></tr></table><p class="totop"><a href="#summary">back to summary</a></p>
<h3 id="m2">com.saucedemo.tests.ProductTest#TC024_verifyContinueButtonWithoutPostalCode</h3><table class="result"><tr><th>Exception</th></tr><tr><td><div class="stacktrace">org.openqa.selenium.support.ui.UnexpectedTagNameException: Element should have been &quot;select&quot; but was &quot;input&quot;
Build info: version: &apos;4.12.1&apos;, revision: &apos;8e34639b11&apos;
System info: os.name: &apos;Windows 11&apos;, os.arch: &apos;amd64&apos;, os.version: &apos;10.0&apos;, java.version: &apos;20.0.2&apos;
Driver info: driver.version: unknown
	at org.openqa.selenium.support.ui.Select.&lt;init&gt;(Select.java:46)
	at com.saucedemo.keywords.Keywords.select(Keywords.java:406)
	at com.saucedemo.pages.CheckOutInfoPage.verifyCart(CheckOutInfoPage.java:16)
	at com.saucedemo.tests.ProductTest.TC024_verifyContinueButtonWithoutPostalCode(ProductTest.java:185)
	at java.base/java.util.ArrayList.forEach(ArrayList.java:1511)
... Removed 25 stack frames</div></td></tr></table><p class="totop"><a href="#summary">back to summary</a></p>
<h3 id="m3">com.saucedemo.tests.ProductTest#TC025_verifyContinueButtonWithAllDetails</h3><table class="result"><tr><th>Exception</th></tr><tr><td><div class="stacktrace">org.openqa.selenium.support.ui.UnexpectedTagNameException: Element should have been &quot;select&quot; but was &quot;input&quot;
Build info: version: &apos;4.12.1&apos;, revision: &apos;8e34639b11&apos;
System info: os.name: &apos;Windows 11&apos;, os.arch: &apos;amd64&apos;, os.version: &apos;10.0&apos;, java.version: &apos;20.0.2&apos;
Driver info: driver.version: unknown
	at org.openqa.selenium.support.ui.Select.&lt;init&gt;(Select.java:46)
	at com.saucedemo.keywords.Keywords.select(Keywords.java:406)
	at com.saucedemo.pages.CheckOutInfoPage.verifyCart(CheckOutInfoPage.java:16)
	at com.saucedemo.tests.ProductTest.TC025_verifyContinueButtonWithAllDetails(ProductTest.java:195)
	at java.base/java.util.ArrayList.forEach(ArrayList.java:1511)
... Removed 25 stack frames</div></td></tr></table><p class="totop"><a href="#summary">back to summary</a></p>
<h3 id="m4">com.saucedemo.tests.ProductTest#TC026_verifyFinishButtonInCheckoutPage</h3><table class="result"><tr><th>Exception</th></tr><tr><td><div class="stacktrace">org.openqa.selenium.NoSuchElementException: Unable to locate element: //button[@id=&apos;finish&apos;]
For documentation on this error, please visit: https://www.selenium.dev/documentation/webdriver/troubleshooting/errors#no-such-element-exception
Build info: version: &apos;4.12.1&apos;, revision: &apos;8e34639b11&apos;
System info: os.name: &apos;Windows 11&apos;, os.arch: &apos;amd64&apos;, os.version: &apos;10.0&apos;, java.version: &apos;20.0.2&apos;
Driver info: org.openqa.selenium.firefox.FirefoxDriver
Command: [206e0de6-2dd2-43b0-aeea-c955f0c7ce7d, findElement {using=xpath, value=//button[@id=&apos;finish&apos;]}]
Capabilities {acceptInsecureCerts: true, browserName: firefox, browserVersion: 118.0.2, moz:accessibilityChecks: false, moz:buildID: 20231009140911, moz:debuggerAddress: 127.0.0.1:35472, moz:geckodriverVersion: 0.33.0, moz:headless: false, moz:platformVersion: 10.0, moz:processID: 21684, moz:profile: C:\Users\Anish\AppData\Loca..., moz:shutdownTimeout: 60000, moz:webdriverClick: true, moz:windowless: false, pageLoadStrategy: normal, platformName: windows, proxy: Proxy(), se:cdp: ws://127.0.0.1:35472/devtoo..., se:cdpVersion: 85.0, setWindowRect: true, strictFileInteractability: false, timeouts: {implicit: 0, pageLoad: 300000, script: 30000}, unhandledPromptBehavior: dismiss and notify}
Session ID: 206e0de6-2dd2-43b0-aeea-c955f0c7ce7d
	at org.openqa.selenium.remote.codec.w3c.W3CHttpResponseCodec.createException(W3CHttpResponseCodec.java:200)
	at org.openqa.selenium.remote.codec.w3c.W3CHttpResponseCodec.decode(W3CHttpResponseCodec.java:133)
	at org.openqa.selenium.remote.codec.w3c.W3CHttpResponseCodec.decode(W3CHttpResponseCodec.java:52)
	at org.openqa.selenium.remote.HttpCommandExecutor.execute(HttpCommandExecutor.java:191)
	at org.openqa.selenium.remote.service.DriverCommandExecutor.invokeExecute(DriverCommandExecutor.java:196)
	at org.openqa.selenium.remote.service.DriverCommandExecutor.execute(DriverCommandExecutor.java:171)
	at org.openqa.selenium.remote.RemoteWebDriver.execute(RemoteWebDriver.java:602)
	at org.openqa.selenium.remote.ElementLocation$ElementFinder$2.findElement(ElementLocation.java:165)
	at org.openqa.selenium.remote.ElementLocation.findElement(ElementLocation.java:59)
	at org.openqa.selenium.remote.RemoteWebDriver.findElement(RemoteWebDriver.java:359)
	at org.openqa.selenium.remote.RemoteWebDriver.findElement(RemoteWebDriver.java:353)
	at com.saucedemo.keywords.Keywords.click(Keywords.java:347)
	at com.saucedemo.pages.CheckOutOverviewPage.finishButtonInCheckoutPage(CheckOutOverviewPage.java:19)
	at com.saucedemo.tests.ProductTest.TC026_verifyFinishButtonInCheckoutPage(ProductTest.java:215)
	at java.base/java.util.ArrayList.forEach(ArrayList.java:1511)
... Removed 28 stack frames</div></td></tr></table><p class="totop"><a href="#summary">back to summary</a></p>
<h3 id="m5">com.saucedemo.tests.LoginTest#TC001_loginValidCredentials</h3><table class="result"><tr><th class="invisible"/></tr></table><p class="totop"><a href="#summary">back to summary</a></p>
<h3 id="m6">com.saucedemo.tests.LoginTest#TC002_invalidCredentials</h3><table class="result"><tr><th class="invisible"/></tr></table><p class="totop"><a href="#summary">back to summary</a></p>
<h3 id="m7">com.saucedemo.tests.LoginTest#TC003_validUsernameInvalidPassword</h3><table class="result"><tr><th class="invisible"/></tr></table><p class="totop"><a href="#summary">back to summary</a></p>
<h3 id="m8">com.saucedemo.tests.LoginTest#TC004_validPasswordInvalidUsername</h3><table class="result"><tr><th class="invisible"/></tr></table><p class="totop"><a href="#summary">back to summary</a></p>
<h3 id="m9">com.saucedemo.tests.LoginTest#TC005_loginWithoutCredentials</h3><table class="result"><tr><th class="invisible"/></tr></table><p class="totop"><a href="#summary">back to summary</a></p>
<h3 id="m10">com.saucedemo.tests.ProductTest#TC006_navigateBrowserForward</h3><table class="result"><tr><th class="invisible"/></tr></table><p class="totop"><a href="#summary">back to summary</a></p>
<h3 id="m11">com.saucedemo.tests.ProductTest#TC007_navigateBrowserBack</h3><table class="result"><tr><th class="invisible"/></tr></table><p class="totop"><a href="#summary">back to summary</a></p>
<h3 id="m12">com.saucedemo.tests.ProductTest#TC008_addToCart</h3><table class="result"><tr><th class="invisible"/></tr></table><p class="totop"><a href="#summary">back to summary</a></p>
<h3 id="m13">com.saucedemo.tests.ProductTest#TC009_addToAllCart</h3><table class="result"><tr><th class="invisible"/></tr></table><p class="totop"><a href="#summary">back to summary</a></p>
<h3 id="m14">com.saucedemo.tests.ProductTest#TC010_cartCountIncrease</h3><table class="result"><tr><th class="invisible"/></tr></table><p class="totop"><a href="#summary">back to summary</a></p>
<h3 id="m15">com.saucedemo.tests.ProductTest#TC011_cartCountDecrease</h3><table class="result"><tr><th class="invisible"/></tr></table><p class="totop"><a href="#summary">back to summary</a></p>
<h3 id="m16">com.saucedemo.tests.ProductTest#TC012_deSelectAddToCart</h3><table class="result"><tr><th class="invisible"/></tr></table><p class="totop"><a href="#summary">back to summary</a></p>
<h3 id="m17">com.saucedemo.tests.ProductTest#TC013_sortAscendingOrder</h3><table class="result"><tr><th class="invisible"/></tr></table><p class="totop"><a href="#summary">back to summary</a></p>
<h3 id="m18">com.saucedemo.tests.ProductTest#TC014_sortDescendingOrder</h3><table class="result"><tr><th class="invisible"/></tr></table><p class="totop"><a href="#summary">back to summary</a></p>
<h3 id="m19">com.saucedemo.tests.ProductTest#TC015_sortLowToHigh</h3><table class="result"><tr><th class="invisible"/></tr></table><p class="totop"><a href="#summary">back to summary</a></p>
<h3 id="m20">com.saucedemo.tests.ProductTest#TC016_sortHighToLow</h3><table class="result"><tr><th class="invisible"/></tr></table><p class="totop"><a href="#summary">back to summary</a></p>
<h3 id="m21">com.saucedemo.tests.ProductTest#TC017_verifyShoppingCartButton</h3><table class="result"><tr><th class="invisible"/></tr></table><p class="totop"><a href="#summary">back to summary</a></p>
<h3 id="m22">com.saucedemo.tests.ProductTest#TC018_verifyRemoveButton</h3><table class="result"><tr><th class="invisible"/></tr></table><p class="totop"><a href="#summary">back to summary</a></p>
<h3 id="m23">com.saucedemo.tests.ProductTest#TC019_verifyCheckoutButton</h3><table class="result"><tr><th class="invisible"/></tr></table><p class="totop"><a href="#summary">back to summary</a></p>
<h3 id="m24">com.saucedemo.tests.ProductTest#TC020_verifyContinueShoppingButton</h3><table class="result"><tr><th class="invisible"/></tr></table><p class="totop"><a href="#summary">back to summary</a></p>
<h3 id="m25">com.saucedemo.tests.ProductTest#TC021_verifyCancelButton</h3><table class="result"><tr><th class="invisible"/></tr></table><p class="totop"><a href="#summary">back to summary</a></p>
<h3 id="m26">com.saucedemo.tests.ProductTest#TC026_verifyCountinueButtonInCheckoutPage</h3><table class="result"><tr><th class="invisible"/></tr></table><p class="totop"><a href="#summary">back to summary</a></p>
<h3 id="m27">com.saucedemo.tests.ProductTest#TC027_verifyCancelButtonInCheckoutPage</h3><table class="result"><tr><th class="invisible"/></tr></table><p class="totop"><a href="#summary">back to summary</a></p>
</body>
</html>
