<?xml version="1.0" encoding="UTF-8"?>
<testng-results ignored="0" total="28" passed="23" failed="5" skipped="0">
  <reporter-output>
  </reporter-output>
  <suite started-at="2023-10-12T11:01:57 IST" name="Suite" finished-at="2023-10-12T11:02:59 IST" duration-ms="62423">
    <groups>
    </groups>
    <test started-at="2023-10-12T11:01:57 IST" name="Parallel Tests Edge" finished-at="2023-10-12T11:02:59 IST" duration-ms="62423">
      <class name="com.saucedemo.tests.ProductTest">
        <test-method is-config="true" signature="setUp(java.lang.String)[pri:0, instance:com.saucedemo.tests.ProductTest@fa4c865]" started-at="2023-10-12T11:02:20 IST" name="setUp" finished-at="2023-10-12T11:02:26 IST" duration-ms="5534" status="PASS">
          <params>
            <param index="0">
              <value>
                <![CDATA[firefox]]>
              </value>
            </param>
          </params>
          <reporter-output>
          </reporter-output>
        </test-method> <!-- setUp -->
        <test-method is-config="true" signature="setUp()[pri:0, instance:com.saucedemo.tests.ProductTest@fa4c865]" started-at="2023-10-12T11:02:26 IST" name="setUp" finished-at="2023-10-12T11:02:27 IST" duration-ms="824" status="PASS">
          <reporter-output>
          </reporter-output>
        </test-method> <!-- setUp -->
        <test-method signature="TC014_sortDescendingOrder()[pri:1, instance:com.saucedemo.tests.ProductTest@fa4c865]" started-at="2023-10-12T11:02:27 IST" name="TC014_sortDescendingOrder" finished-at="2023-10-12T11:02:29 IST" duration-ms="2653" status="PASS">
          <reporter-output>
          </reporter-output>
        </test-method> <!-- TC014_sortDescendingOrder -->
        <test-method signature="TC015_sortLowToHigh()[pri:2, instance:com.saucedemo.tests.ProductTest@fa4c865]" started-at="2023-10-12T11:02:29 IST" name="TC015_sortLowToHigh" finished-at="2023-10-12T11:02:30 IST" duration-ms="557" status="PASS">
          <reporter-output>
          </reporter-output>
        </test-method> <!-- TC015_sortLowToHigh -->
        <test-method signature="TC016_sortHighToLow()[pri:3, instance:com.saucedemo.tests.ProductTest@fa4c865]" started-at="2023-10-12T11:02:30 IST" name="TC016_sortHighToLow" finished-at="2023-10-12T11:02:30 IST" duration-ms="557" status="PASS">
          <reporter-output>
          </reporter-output>
        </test-method> <!-- TC016_sortHighToLow -->
        <test-method signature="TC013_sortAscendingOrder()[pri:4, instance:com.saucedemo.tests.ProductTest@fa4c865]" started-at="2023-10-12T11:02:30 IST" name="TC013_sortAscendingOrder" finished-at="2023-10-12T11:02:31 IST" duration-ms="561" status="PASS">
          <reporter-output>
          </reporter-output>
        </test-method> <!-- TC013_sortAscendingOrder -->
        <test-method signature="TC008_addToCart()[pri:5, instance:com.saucedemo.tests.ProductTest@fa4c865]" started-at="2023-10-12T11:02:31 IST" name="TC008_addToCart" finished-at="2023-10-12T11:02:31 IST" duration-ms="244" status="PASS">
          <reporter-output>
          </reporter-output>
        </test-method> <!-- TC008_addToCart -->
        <test-method signature="TC010_cartCountIncrease()[pri:6, instance:com.saucedemo.tests.ProductTest@fa4c865]" started-at="2023-10-12T11:02:31 IST" name="TC010_cartCountIncrease" finished-at="2023-10-12T11:02:31 IST" duration-ms="0" status="PASS">
          <reporter-output>
          </reporter-output>
        </test-method> <!-- TC010_cartCountIncrease -->
        <test-method signature="TC009_addToAllCart()[pri:8, instance:com.saucedemo.tests.ProductTest@fa4c865]" started-at="2023-10-12T11:02:31 IST" name="TC009_addToAllCart" finished-at="2023-10-12T11:02:34 IST" duration-ms="2942" status="PASS">
          <reporter-output>
          </reporter-output>
        </test-method> <!-- TC009_addToAllCart -->
        <test-method signature="TC011_cartCountDecrease()[pri:7, instance:com.saucedemo.tests.ProductTest@fa4c865]" started-at="2023-10-12T11:02:31 IST" name="TC011_cartCountDecrease" finished-at="2023-10-12T11:02:31 IST" duration-ms="0" status="PASS">
          <reporter-output>
          </reporter-output>
        </test-method> <!-- TC011_cartCountDecrease -->
        <test-method signature="TC012_deSelectAddToCart()[pri:9, instance:com.saucedemo.tests.ProductTest@fa4c865]" started-at="2023-10-12T11:02:34 IST" name="TC012_deSelectAddToCart" finished-at="2023-10-12T11:02:35 IST" duration-ms="1273" status="PASS">
          <reporter-output>
          </reporter-output>
        </test-method> <!-- TC012_deSelectAddToCart -->
        <test-method signature="TC017_verifyShoppingCartButton()[pri:10, instance:com.saucedemo.tests.ProductTest@fa4c865]" started-at="2023-10-12T11:02:35 IST" name="TC017_verifyShoppingCartButton" finished-at="2023-10-12T11:02:36 IST" duration-ms="266" status="PASS">
          <reporter-output>
          </reporter-output>
        </test-method> <!-- TC017_verifyShoppingCartButton -->
        <test-method signature="TC018_verifyRemoveButton()[pri:11, instance:com.saucedemo.tests.ProductTest@fa4c865]" started-at="2023-10-12T11:02:36 IST" name="TC018_verifyRemoveButton" finished-at="2023-10-12T11:02:38 IST" duration-ms="2286" status="PASS">
          <reporter-output>
          </reporter-output>
        </test-method> <!-- TC018_verifyRemoveButton -->
        <test-method signature="TC019_verifyCheckoutButton()[pri:12, instance:com.saucedemo.tests.ProductTest@fa4c865]" started-at="2023-10-12T11:02:38 IST" name="TC019_verifyCheckoutButton" finished-at="2023-10-12T11:02:38 IST" duration-ms="276" status="PASS">
          <reporter-output>
          </reporter-output>
        </test-method> <!-- TC019_verifyCheckoutButton -->
        <test-method signature="TC020_verifyContinueShoppingButton()[pri:13, instance:com.saucedemo.tests.ProductTest@fa4c865]" started-at="2023-10-12T11:02:38 IST" name="TC020_verifyContinueShoppingButton" finished-at="2023-10-12T11:02:38 IST" duration-ms="60" status="PASS">
          <reporter-output>
          </reporter-output>
        </test-method> <!-- TC020_verifyContinueShoppingButton -->
        <test-method signature="TC021_verifyCancelButton()[pri:14, instance:com.saucedemo.tests.ProductTest@fa4c865]" started-at="2023-10-12T11:02:38 IST" name="TC021_verifyCancelButton" finished-at="2023-10-12T11:02:38 IST" duration-ms="37" status="PASS">
          <reporter-output>
          </reporter-output>
        </test-method> <!-- TC021_verifyCancelButton -->
        <test-method signature="TC022_verifyContinueButtonWithoutFirstName(org.openqa.selenium.WebDriver)[pri:15, instance:com.saucedemo.tests.ProductTest@fa4c865]" started-at="2023-10-12T11:02:38 IST" name="TC022_verifyContinueButtonWithoutFirstName" finished-at="2023-10-12T11:02:38 IST" duration-ms="0" status="FAIL">
          <exception class="org.testng.TestNGException">
            <message>
              <![CDATA[
Cannot inject @Test annotated Method [TC022_verifyContinueButtonWithoutFirstName] with [interface org.openqa.selenium.WebDriver].
For more information on native dependency injection please refer to https://testng.org/doc/documentation-main.html#native-dependency-injection]]>
            </message>
            <full-stacktrace>
              <![CDATA[org.testng.TestNGException: 
Cannot inject @Test annotated Method [TC022_verifyContinueButtonWithoutFirstName] with [interface org.openqa.selenium.WebDriver].
For more information on native dependency injection please refer to https://testng.org/doc/documentation-main.html#native-dependency-injection
at org.testng.internal.Parameters.checkParameterTypes(Parameters.java:436)
at org.testng.internal.Parameters.createParametersForMethod(Parameters.java:350)
at org.testng.internal.Parameters.createParameters(Parameters.java:693)
at org.testng.internal.Parameters.handleParameters(Parameters.java:879)
at org.testng.internal.Parameters.handleParameters(Parameters.java:728)
at org.testng.internal.invokers.ParameterHandler.handleParameters(ParameterHandler.java:72)
at org.testng.internal.invokers.ParameterHandler.createParameters(ParameterHandler.java:51)
at org.testng.internal.invokers.TestInvoker$MethodInvocationAgent.invoke(TestInvoker.java:911)
at org.testng.internal.invokers.TestInvoker.invokeTestMethods(TestInvoker.java:200)
at org.testng.internal.invokers.TestMethodWorker.invokeTestMethods(TestMethodWorker.java:148)
at org.testng.internal.invokers.TestMethodWorker.run(TestMethodWorker.java:128)
at java.base/java.util.ArrayList.forEach(ArrayList.java:1511)
at org.testng.TestRunner.privateRun(TestRunner.java:848)
at org.testng.TestRunner.run(TestRunner.java:621)
at org.testng.SuiteRunner.runTest(SuiteRunner.java:443)
at org.testng.SuiteRunner.runSequentially(SuiteRunner.java:437)
at org.testng.SuiteRunner.privateRun(SuiteRunner.java:397)
at org.testng.SuiteRunner.run(SuiteRunner.java:336)
at org.testng.SuiteRunnerWorker.runSuite(SuiteRunnerWorker.java:52)
at org.testng.SuiteRunnerWorker.run(SuiteRunnerWorker.java:95)
at org.testng.TestNG.runSuitesSequentially(TestNG.java:1280)
at org.testng.TestNG.runSuitesLocally(TestNG.java:1200)
at org.testng.TestNG.runSuites(TestNG.java:1114)
at org.testng.TestNG.run(TestNG.java:1082)
at org.testng.remote.AbstractRemoteTestNG.run(AbstractRemoteTestNG.java:115)
at org.testng.remote.RemoteTestNG.initAndRun(RemoteTestNG.java:251)
at org.testng.remote.RemoteTestNG.main(RemoteTestNG.java:77)
]]>
            </full-stacktrace>
          </exception> <!-- org.testng.TestNGException -->
          <reporter-output>
          </reporter-output>
        </test-method> <!-- TC022_verifyContinueButtonWithoutFirstName -->
        <test-method signature="TC023_verifyContinueButtonWithoutLastName(org.openqa.selenium.WebDriver)[pri:16, instance:com.saucedemo.tests.ProductTest@fa4c865]" started-at="2023-10-12T11:02:38 IST" name="TC023_verifyContinueButtonWithoutLastName" finished-at="2023-10-12T11:02:38 IST" duration-ms="0" status="FAIL">
          <exception class="org.testng.TestNGException">
            <message>
              <![CDATA[
Cannot inject @Test annotated Method [TC023_verifyContinueButtonWithoutLastName] with [interface org.openqa.selenium.WebDriver].
For more information on native dependency injection please refer to https://testng.org/doc/documentation-main.html#native-dependency-injection]]>
            </message>
            <full-stacktrace>
              <![CDATA[org.testng.TestNGException: 
Cannot inject @Test annotated Method [TC023_verifyContinueButtonWithoutLastName] with [interface org.openqa.selenium.WebDriver].
For more information on native dependency injection please refer to https://testng.org/doc/documentation-main.html#native-dependency-injection
at org.testng.internal.Parameters.checkParameterTypes(Parameters.java:436)
at org.testng.internal.Parameters.createParametersForMethod(Parameters.java:350)
at org.testng.internal.Parameters.createParameters(Parameters.java:693)
at org.testng.internal.Parameters.handleParameters(Parameters.java:879)
at org.testng.internal.Parameters.handleParameters(Parameters.java:728)
at org.testng.internal.invokers.ParameterHandler.handleParameters(ParameterHandler.java:72)
at org.testng.internal.invokers.ParameterHandler.createParameters(ParameterHandler.java:51)
at org.testng.internal.invokers.TestInvoker$MethodInvocationAgent.invoke(TestInvoker.java:911)
at org.testng.internal.invokers.TestInvoker.invokeTestMethods(TestInvoker.java:200)
at org.testng.internal.invokers.TestMethodWorker.invokeTestMethods(TestMethodWorker.java:148)
at org.testng.internal.invokers.TestMethodWorker.run(TestMethodWorker.java:128)
at java.base/java.util.ArrayList.forEach(ArrayList.java:1511)
at org.testng.TestRunner.privateRun(TestRunner.java:848)
at org.testng.TestRunner.run(TestRunner.java:621)
at org.testng.SuiteRunner.runTest(SuiteRunner.java:443)
at org.testng.SuiteRunner.runSequentially(SuiteRunner.java:437)
at org.testng.SuiteRunner.privateRun(SuiteRunner.java:397)
at org.testng.SuiteRunner.run(SuiteRunner.java:336)
at org.testng.SuiteRunnerWorker.runSuite(SuiteRunnerWorker.java:52)
at org.testng.SuiteRunnerWorker.run(SuiteRunnerWorker.java:95)
at org.testng.TestNG.runSuitesSequentially(TestNG.java:1280)
at org.testng.TestNG.runSuitesLocally(TestNG.java:1200)
at org.testng.TestNG.runSuites(TestNG.java:1114)
at org.testng.TestNG.run(TestNG.java:1082)
at org.testng.remote.AbstractRemoteTestNG.run(AbstractRemoteTestNG.java:115)
at org.testng.remote.RemoteTestNG.initAndRun(RemoteTestNG.java:251)
at org.testng.remote.RemoteTestNG.main(RemoteTestNG.java:77)
]]>
            </full-stacktrace>
          </exception> <!-- org.testng.TestNGException -->
          <reporter-output>
          </reporter-output>
        </test-method> <!-- TC023_verifyContinueButtonWithoutLastName -->
        <test-method signature="TC024_verifyContinueButtonWithoutPostalCode()[pri:17, instance:com.saucedemo.tests.ProductTest@fa4c865]" started-at="2023-10-12T11:02:38 IST" name="TC024_verifyContinueButtonWithoutPostalCode" finished-at="2023-10-12T11:02:38 IST" duration-ms="100" status="FAIL">
          <exception class="org.openqa.selenium.support.ui.UnexpectedTagNameException">
            <message>
              <![CDATA[Element should have been "select" but was "input"
Build info: version: '4.12.1', revision: '8e34639b11'
System info: os.name: 'Windows 11', os.arch: 'amd64', os.version: '10.0', java.version: '20.0.2'
Driver info: driver.version: unknown]]>
            </message>
            <full-stacktrace>
              <![CDATA[org.openqa.selenium.support.ui.UnexpectedTagNameException: Element should have been "select" but was "input"
Build info: version: '4.12.1', revision: '8e34639b11'
System info: os.name: 'Windows 11', os.arch: 'amd64', os.version: '10.0', java.version: '20.0.2'
Driver info: driver.version: unknown
at org.openqa.selenium.support.ui.Select.<init>(Select.java:46)
at com.saucedemo.keywords.Keywords.select(Keywords.java:406)
at com.saucedemo.pages.CheckOutInfoPage.verifyCart(CheckOutInfoPage.java:16)
at com.saucedemo.tests.ProductTest.TC024_verifyContinueButtonWithoutPostalCode(ProductTest.java:185)
at java.base/jdk.internal.reflect.DirectMethodHandleAccessor.invoke(DirectMethodHandleAccessor.java:104)
at java.base/java.lang.reflect.Method.invoke(Method.java:578)
at org.testng.internal.invokers.MethodInvocationHelper.invokeMethod(MethodInvocationHelper.java:139)
at org.testng.internal.invokers.TestInvoker.invokeMethod(TestInvoker.java:664)
at org.testng.internal.invokers.TestInvoker.invokeTestMethod(TestInvoker.java:227)
at org.testng.internal.invokers.MethodRunner.runInSequence(MethodRunner.java:50)
at org.testng.internal.invokers.TestInvoker$MethodInvocationAgent.invoke(TestInvoker.java:957)
at org.testng.internal.invokers.TestInvoker.invokeTestMethods(TestInvoker.java:200)
at org.testng.internal.invokers.TestMethodWorker.invokeTestMethods(TestMethodWorker.java:148)
at org.testng.internal.invokers.TestMethodWorker.run(TestMethodWorker.java:128)
at java.base/java.util.ArrayList.forEach(ArrayList.java:1511)
at org.testng.TestRunner.privateRun(TestRunner.java:848)
at org.testng.TestRunner.run(TestRunner.java:621)
at org.testng.SuiteRunner.runTest(SuiteRunner.java:443)
at org.testng.SuiteRunner.runSequentially(SuiteRunner.java:437)
at org.testng.SuiteRunner.privateRun(SuiteRunner.java:397)
at org.testng.SuiteRunner.run(SuiteRunner.java:336)
at org.testng.SuiteRunnerWorker.runSuite(SuiteRunnerWorker.java:52)
at org.testng.SuiteRunnerWorker.run(SuiteRunnerWorker.java:95)
at org.testng.TestNG.runSuitesSequentially(TestNG.java:1280)
at org.testng.TestNG.runSuitesLocally(TestNG.java:1200)
at org.testng.TestNG.runSuites(TestNG.java:1114)
at org.testng.TestNG.run(TestNG.java:1082)
at org.testng.remote.AbstractRemoteTestNG.run(AbstractRemoteTestNG.java:115)
at org.testng.remote.RemoteTestNG.initAndRun(RemoteTestNG.java:251)
at org.testng.remote.RemoteTestNG.main(RemoteTestNG.java:77)
]]>
            </full-stacktrace>
          </exception> <!-- org.openqa.selenium.support.ui.UnexpectedTagNameException -->
          <reporter-output>
          </reporter-output>
        </test-method> <!-- TC024_verifyContinueButtonWithoutPostalCode -->
        <test-method signature="TC025_verifyContinueButtonWithAllDetails()[pri:18, instance:com.saucedemo.tests.ProductTest@fa4c865]" started-at="2023-10-12T11:02:38 IST" name="TC025_verifyContinueButtonWithAllDetails" finished-at="2023-10-12T11:02:41 IST" duration-ms="2105" status="FAIL">
          <exception class="org.openqa.selenium.support.ui.UnexpectedTagNameException">
            <message>
              <![CDATA[Element should have been "select" but was "input"
Build info: version: '4.12.1', revision: '8e34639b11'
System info: os.name: 'Windows 11', os.arch: 'amd64', os.version: '10.0', java.version: '20.0.2'
Driver info: driver.version: unknown]]>
            </message>
            <full-stacktrace>
              <![CDATA[org.openqa.selenium.support.ui.UnexpectedTagNameException: Element should have been "select" but was "input"
Build info: version: '4.12.1', revision: '8e34639b11'
System info: os.name: 'Windows 11', os.arch: 'amd64', os.version: '10.0', java.version: '20.0.2'
Driver info: driver.version: unknown
at org.openqa.selenium.support.ui.Select.<init>(Select.java:46)
at com.saucedemo.keywords.Keywords.select(Keywords.java:406)
at com.saucedemo.pages.CheckOutInfoPage.verifyCart(CheckOutInfoPage.java:16)
at com.saucedemo.tests.ProductTest.TC025_verifyContinueButtonWithAllDetails(ProductTest.java:195)
at java.base/jdk.internal.reflect.DirectMethodHandleAccessor.invoke(DirectMethodHandleAccessor.java:104)
at java.base/java.lang.reflect.Method.invoke(Method.java:578)
at org.testng.internal.invokers.MethodInvocationHelper.invokeMethod(MethodInvocationHelper.java:139)
at org.testng.internal.invokers.TestInvoker.invokeMethod(TestInvoker.java:664)
at org.testng.internal.invokers.TestInvoker.invokeTestMethod(TestInvoker.java:227)
at org.testng.internal.invokers.MethodRunner.runInSequence(MethodRunner.java:50)
at org.testng.internal.invokers.TestInvoker$MethodInvocationAgent.invoke(TestInvoker.java:957)
at org.testng.internal.invokers.TestInvoker.invokeTestMethods(TestInvoker.java:200)
at org.testng.internal.invokers.TestMethodWorker.invokeTestMethods(TestMethodWorker.java:148)
at org.testng.internal.invokers.TestMethodWorker.run(TestMethodWorker.java:128)
at java.base/java.util.ArrayList.forEach(ArrayList.java:1511)
at org.testng.TestRunner.privateRun(TestRunner.java:848)
at org.testng.TestRunner.run(TestRunner.java:621)
at org.testng.SuiteRunner.runTest(SuiteRunner.java:443)
at org.testng.SuiteRunner.runSequentially(SuiteRunner.java:437)
at org.testng.SuiteRunner.privateRun(SuiteRunner.java:397)
at org.testng.SuiteRunner.run(SuiteRunner.java:336)
at org.testng.SuiteRunnerWorker.runSuite(SuiteRunnerWorker.java:52)
at org.testng.SuiteRunnerWorker.run(SuiteRunnerWorker.java:95)
at org.testng.TestNG.runSuitesSequentially(TestNG.java:1280)
at org.testng.TestNG.runSuitesLocally(TestNG.java:1200)
at org.testng.TestNG.runSuites(TestNG.java:1114)
at org.testng.TestNG.run(TestNG.java:1082)
at org.testng.remote.AbstractRemoteTestNG.run(AbstractRemoteTestNG.java:115)
at org.testng.remote.RemoteTestNG.initAndRun(RemoteTestNG.java:251)
at org.testng.remote.RemoteTestNG.main(RemoteTestNG.java:77)
]]>
            </full-stacktrace>
          </exception> <!-- org.openqa.selenium.support.ui.UnexpectedTagNameException -->
          <reporter-output>
          </reporter-output>
        </test-method> <!-- TC025_verifyContinueButtonWithAllDetails -->
        <test-method signature="TC027_verifyCancelButtonInCheckoutPage()[pri:19, instance:com.saucedemo.tests.ProductTest@fa4c865]" started-at="2023-10-12T11:02:41 IST" name="TC027_verifyCancelButtonInCheckoutPage" finished-at="2023-10-12T11:02:41 IST" duration-ms="0" status="PASS">
          <reporter-output>
          </reporter-output>
        </test-method> <!-- TC027_verifyCancelButtonInCheckoutPage -->
        <test-method signature="TC026_verifyCountinueButtonInCheckoutPage()[pri:20, instance:com.saucedemo.tests.ProductTest@fa4c865]" started-at="2023-10-12T11:02:41 IST" name="TC026_verifyCountinueButtonInCheckoutPage" finished-at="2023-10-12T11:02:41 IST" duration-ms="2" status="PASS">
          <reporter-output>
          </reporter-output>
        </test-method> <!-- TC026_verifyCountinueButtonInCheckoutPage -->
        <test-method signature="TC026_verifyFinishButtonInCheckoutPage()[pri:21, instance:com.saucedemo.tests.ProductTest@fa4c865]" started-at="2023-10-12T11:02:41 IST" name="TC026_verifyFinishButtonInCheckoutPage" finished-at="2023-10-12T11:02:51 IST" duration-ms="10033" status="FAIL">
          <exception class="org.openqa.selenium.NoSuchElementException">
            <message>
              <![CDATA[Unable to locate element: //button[@id='finish']
For documentation on this error, please visit: https://www.selenium.dev/documentation/webdriver/troubleshooting/errors#no-such-element-exception
Build info: version: '4.12.1', revision: '8e34639b11'
System info: os.name: 'Windows 11', os.arch: 'amd64', os.version: '10.0', java.version: '20.0.2'
Driver info: org.openqa.selenium.firefox.FirefoxDriver
Command: [206e0de6-2dd2-43b0-aeea-c955f0c7ce7d, findElement {using=xpath, value=//button[@id='finish']}]
Capabilities {acceptInsecureCerts: true, browserName: firefox, browserVersion: 118.0.2, moz:accessibilityChecks: false, moz:buildID: 20231009140911, moz:debuggerAddress: 127.0.0.1:35472, moz:geckodriverVersion: 0.33.0, moz:headless: false, moz:platformVersion: 10.0, moz:processID: 21684, moz:profile: C:\Users\Anish\AppData\Loca..., moz:shutdownTimeout: 60000, moz:webdriverClick: true, moz:windowless: false, pageLoadStrategy: normal, platformName: windows, proxy: Proxy(), se:cdp: ws://127.0.0.1:35472/devtoo..., se:cdpVersion: 85.0, setWindowRect: true, strictFileInteractability: false, timeouts: {implicit: 0, pageLoad: 300000, script: 30000}, unhandledPromptBehavior: dismiss and notify}
Session ID: 206e0de6-2dd2-43b0-aeea-c955f0c7ce7d]]>
            </message>
            <full-stacktrace>
              <![CDATA[org.openqa.selenium.NoSuchElementException: Unable to locate element: //button[@id='finish']
For documentation on this error, please visit: https://www.selenium.dev/documentation/webdriver/troubleshooting/errors#no-such-element-exception
Build info: version: '4.12.1', revision: '8e34639b11'
System info: os.name: 'Windows 11', os.arch: 'amd64', os.version: '10.0', java.version: '20.0.2'
Driver info: org.openqa.selenium.firefox.FirefoxDriver
Command: [206e0de6-2dd2-43b0-aeea-c955f0c7ce7d, findElement {using=xpath, value=//button[@id='finish']}]
Capabilities {acceptInsecureCerts: true, browserName: firefox, browserVersion: 118.0.2, moz:accessibilityChecks: false, moz:buildID: 20231009140911, moz:debuggerAddress: 127.0.0.1:35472, moz:geckodriverVersion: 0.33.0, moz:headless: false, moz:platformVersion: 10.0, moz:processID: 21684, moz:profile: C:\Users\Anish\AppData\Loca..., moz:shutdownTimeout: 60000, moz:webdriverClick: true, moz:windowless: false, pageLoadStrategy: normal, platformName: windows, proxy: Proxy(), se:cdp: ws://127.0.0.1:35472/devtoo..., se:cdpVersion: 85.0, setWindowRect: true, strictFileInteractability: false, timeouts: {implicit: 0, pageLoad: 300000, script: 30000}, unhandledPromptBehavior: dismiss and notify}
Session ID: 206e0de6-2dd2-43b0-aeea-c955f0c7ce7d
at java.base/jdk.internal.reflect.DirectConstructorHandleAccessor.newInstance(DirectConstructorHandleAccessor.java:67)
at java.base/java.lang.reflect.Constructor.newInstanceWithCaller(Constructor.java:500)
at java.base/java.lang.reflect.Constructor.newInstance(Constructor.java:484)
at org.openqa.selenium.remote.codec.w3c.W3CHttpResponseCodec.createException(W3CHttpResponseCodec.java:200)
at org.openqa.selenium.remote.codec.w3c.W3CHttpResponseCodec.decode(W3CHttpResponseCodec.java:133)
at org.openqa.selenium.remote.codec.w3c.W3CHttpResponseCodec.decode(W3CHttpResponseCodec.java:52)
at org.openqa.selenium.remote.HttpCommandExecutor.execute(HttpCommandExecutor.java:191)
at org.openqa.selenium.remote.service.DriverCommandExecutor.invokeExecute(DriverCommandExecutor.java:196)
at org.openqa.selenium.remote.service.DriverCommandExecutor.execute(DriverCommandExecutor.java:171)
at org.openqa.selenium.remote.RemoteWebDriver.execute(RemoteWebDriver.java:602)
at org.openqa.selenium.remote.ElementLocation$ElementFinder$2.findElement(ElementLocation.java:165)
at org.openqa.selenium.remote.ElementLocation.findElement(ElementLocation.java:59)
at org.openqa.selenium.remote.RemoteWebDriver.findElement(RemoteWebDriver.java:359)
at org.openqa.selenium.remote.RemoteWebDriver.findElement(RemoteWebDriver.java:353)
at com.saucedemo.keywords.Keywords.click(Keywords.java:347)
at com.saucedemo.pages.CheckOutOverviewPage.finishButtonInCheckoutPage(CheckOutOverviewPage.java:19)
at com.saucedemo.tests.ProductTest.TC026_verifyFinishButtonInCheckoutPage(ProductTest.java:215)
at java.base/jdk.internal.reflect.DirectMethodHandleAccessor.invoke(DirectMethodHandleAccessor.java:104)
at java.base/java.lang.reflect.Method.invoke(Method.java:578)
at org.testng.internal.invokers.MethodInvocationHelper.invokeMethod(MethodInvocationHelper.java:139)
at org.testng.internal.invokers.TestInvoker.invokeMethod(TestInvoker.java:664)
at org.testng.internal.invokers.TestInvoker.invokeTestMethod(TestInvoker.java:227)
at org.testng.internal.invokers.MethodRunner.runInSequence(MethodRunner.java:50)
at org.testng.internal.invokers.TestInvoker$MethodInvocationAgent.invoke(TestInvoker.java:957)
at org.testng.internal.invokers.TestInvoker.invokeTestMethods(TestInvoker.java:200)
at org.testng.internal.invokers.TestMethodWorker.invokeTestMethods(TestMethodWorker.java:148)
at org.testng.internal.invokers.TestMethodWorker.run(TestMethodWorker.java:128)
at java.base/java.util.ArrayList.forEach(ArrayList.java:1511)
at org.testng.TestRunner.privateRun(TestRunner.java:848)
at org.testng.TestRunner.run(TestRunner.java:621)
at org.testng.SuiteRunner.runTest(SuiteRunner.java:443)
at org.testng.SuiteRunner.runSequentially(SuiteRunner.java:437)
at org.testng.SuiteRunner.privateRun(SuiteRunner.java:397)
at org.testng.SuiteRunner.run(SuiteRunner.java:336)
at org.testng.SuiteRunnerWorker.runSuite(SuiteRunnerWorker.java:52)
at org.testng.SuiteRunnerWorker.run(SuiteRunnerWorker.java:95)
at org.testng.TestNG.runSuitesSequentially(TestNG.java:1280)
at org.testng.TestNG.runSuitesLocally(TestNG.java:1200)
at org.testng.TestNG.runSuites(TestNG.java:1114)
at org.testng.TestNG.run(TestNG.java:1082)
at org.testng.remote.AbstractRemoteTestNG.run(AbstractRemoteTestNG.java:115)
at org.testng.remote.RemoteTestNG.initAndRun(RemoteTestNG.java:251)
at org.testng.remote.RemoteTestNG.main(RemoteTestNG.java:77)
]]>
            </full-stacktrace>
          </exception> <!-- org.openqa.selenium.NoSuchElementException -->
          <reporter-output>
          </reporter-output>
        </test-method> <!-- TC026_verifyFinishButtonInCheckoutPage -->
        <test-method signature="TC007_navigateBrowserBack()[pri:22, instance:com.saucedemo.tests.ProductTest@fa4c865]" started-at="2023-10-12T11:02:51 IST" name="TC007_navigateBrowserBack" finished-at="2023-10-12T11:02:53 IST" duration-ms="2036" status="PASS">
          <reporter-output>
          </reporter-output>
        </test-method> <!-- TC007_navigateBrowserBack -->
        <test-method signature="TC006_navigateBrowserForward()[pri:23, instance:com.saucedemo.tests.ProductTest@fa4c865]" started-at="2023-10-12T11:02:53 IST" name="TC006_navigateBrowserForward" finished-at="2023-10-12T11:02:55 IST" duration-ms="2045" status="PASS">
          <reporter-output>
          </reporter-output>
        </test-method> <!-- TC006_navigateBrowserForward -->
        <test-method is-config="true" signature="tearDown()[pri:0, instance:com.saucedemo.tests.ProductTest@fa4c865]" started-at="2023-10-12T11:02:55 IST" name="tearDown" finished-at="2023-10-12T11:02:59 IST" duration-ms="4366" status="PASS">
          <reporter-output>
          </reporter-output>
        </test-method> <!-- tearDown -->
      </class> <!-- com.saucedemo.tests.ProductTest -->
      <class name="com.saucedemo.tests.LoginTest">
        <test-method is-config="true" signature="setUp(java.lang.String)[pri:0, instance:com.saucedemo.tests.LoginTest@279fedbd]" started-at="2023-10-12T11:01:57 IST" name="setUp" finished-at="2023-10-12T11:02:12 IST" duration-ms="15261" status="PASS">
          <params>
            <param index="0">
              <value>
                <![CDATA[firefox]]>
              </value>
            </param>
          </params>
          <reporter-output>
          </reporter-output>
        </test-method> <!-- setUp -->
        <test-method is-config="true" signature="setUp()[pri:0, instance:com.saucedemo.tests.LoginTest@279fedbd]" started-at="2023-10-12T11:02:12 IST" name="setUp" finished-at="2023-10-12T11:02:12 IST" duration-ms="0" status="PASS">
          <reporter-output>
          </reporter-output>
        </test-method> <!-- setUp -->
        <test-method signature="TC002_invalidCredentials()[pri:1, instance:com.saucedemo.tests.LoginTest@279fedbd]" started-at="2023-10-12T11:02:12 IST" name="TC002_invalidCredentials" finished-at="2023-10-12T11:02:14 IST" duration-ms="1873" status="PASS">
          <reporter-output>
          </reporter-output>
        </test-method> <!-- TC002_invalidCredentials -->
        <test-method signature="TC004_validPasswordInvalidUsername()[pri:2, instance:com.saucedemo.tests.LoginTest@279fedbd]" started-at="2023-10-12T11:02:14 IST" name="TC004_validPasswordInvalidUsername" finished-at="2023-10-12T11:02:15 IST" duration-ms="453" status="PASS">
          <reporter-output>
          </reporter-output>
        </test-method> <!-- TC004_validPasswordInvalidUsername -->
        <test-method signature="TC003_validUsernameInvalidPassword()[pri:3, instance:com.saucedemo.tests.LoginTest@279fedbd]" started-at="2023-10-12T11:02:15 IST" name="TC003_validUsernameInvalidPassword" finished-at="2023-10-12T11:02:15 IST" duration-ms="435" status="PASS">
          <reporter-output>
          </reporter-output>
        </test-method> <!-- TC003_validUsernameInvalidPassword -->
        <test-method signature="TC001_loginValidCredentials()[pri:5, instance:com.saucedemo.tests.LoginTest@279fedbd]" started-at="2023-10-12T11:02:15 IST" name="TC001_loginValidCredentials" finished-at="2023-10-12T11:02:16 IST" duration-ms="552" status="PASS">
          <reporter-output>
          </reporter-output>
        </test-method> <!-- TC001_loginValidCredentials -->
        <test-method signature="TC005_loginWithoutCredentials()[pri:4, instance:com.saucedemo.tests.LoginTest@279fedbd]" started-at="2023-10-12T11:02:15 IST" name="TC005_loginWithoutCredentials" finished-at="2023-10-12T11:02:15 IST" duration-ms="0" status="PASS">
          <reporter-output>
          </reporter-output>
        </test-method> <!-- TC005_loginWithoutCredentials -->
        <test-method is-config="true" signature="tearDown()[pri:0, instance:com.saucedemo.tests.LoginTest@279fedbd]" started-at="2023-10-12T11:02:16 IST" name="tearDown" finished-at="2023-10-12T11:02:20 IST" duration-ms="4538" status="PASS">
          <reporter-output>
          </reporter-output>
        </test-method> <!-- tearDown -->
      </class> <!-- com.saucedemo.tests.LoginTest -->
    </test> <!-- Parallel Tests Edge -->
  </suite> <!-- Suite -->
</testng-results>
